Start checking scenes...
L1C_T51STA_A041342_20250204T025610: No valid data found in TIF.
GF1_PMS1_E112.4_N38.0_20170823_L1A0002557137: No valid data found in TIF.
GF2_PMS2_E112.4_N37.9_20170526_L1A0002379381: No valid data found in TIF.
GF2_PMS2_E112.4_N37.9_20170526_L1A0002379381_no_ard: No valid data found in TIF.
中国DEM: No valid data found in TIF.
LT1B_MONO_KSC_STRIP1_011490_E113.1_N40.2_20240409_SLC_HH_S2A_0000366018: No valid data found in TIF.
L1C_T51STA_A040913_20250105T025221: No valid data found in TIF.
Start checking scenes...
Updated BBox for LC08_L2SP_120035_20250217_20250226_02_T1
Updated BBox for LC08_L2SP_120038_20241231_20250110_02_T1 (1)
L1C_T51STA_A041342_20250204T025610: No valid data found in TIF.
Updated BBox for 0619
Updated BBox for LC08_L2SP_118038_20240320_20240402_02_T1
Updated BBox for LC08_L2SP_118038_20240928_20241005_02_T1
Updated BBox for LC08_L2SP_120037_20210918_02_T1
Updated BBox for GF1D_PMS_E116.9_N36.9_20250416_L1A1257591987_beauty
Updated BBox for LC08_L2SP_120038_20210918_02_T1
Updated BBox for LC08_L2SP_120039_20220225_02_T1
Updated BBox for LC08_L2SP_122037_20211002_02_T1
Updated BBox for LC08_L2SP_121037_20211128_02_T1
Updated BBox for LC08_L2SP_122038_20211103_02_T1
Updated BBox for LC08_L2SP_122038_20220311_02_T1
Updated BBox for LC08_L2SP_120038_20211004_02_T1
Updated BBox for LC08_L2SP_122038_20210916_02_T1
Updated BBox for LC08_L2SP_121037_20211214_02_T1
Updated BBox for LC08_L2SP_118038_20240811_20240815_02_T1
Updated BBox for LC08_L2SP_118038_20241201_20241203_02_T1
GF1_PMS1_E112.4_N38.0_20170823_L1A0002557137: No valid data found in TIF.
Updated BBox for LC08_L2SP_120039_20211223_02_T1
GF2_PMS2_E112.4_N37.9_20170526_L1A0002379381: No valid data found in TIF.
GF2_PMS2_E112.4_N37.9_20170526_L1A0002379381_no_ard: No valid data found in TIF.
Updated BBox for LC08_L2SP_120035_20250116_20250127_02_T1
Updated BBox for 8bit_dom
Updated BBox for LC08_L2SP_118038_20241217_20241227_02_T1
Updated BBox for GF1_PMS2_E106.3_N27.7_20180607_L1A0003246454
Updated BBox for s1a-iw-grd-20250209-cog
Updated BBox for LC08_L2SP_121038_20211128_02_T1
Updated BBox for ZY1_AHSI_Fake
Updated BBox for LC08_L2SP_121038_20211027_02_T1
Updated BBox for LC08_L2SP_120038_20241215_20241218_02_T1
中国DEM: No valid data found in TIF.
Updated BBox for DEM_TEST
Updated BBox for LC08_L2SP_122039_20211205_02_T1
Updated BBox for LC08_L2SP_122037_20211205_02_T1
Updated BBox for LC08_L2SP_120038_20241129_20241203_02_T1
Updated BBox for LC08_L2SP_121037_20211112_02_T1
Updated BBox for LC08_L2SP_122039_20211221_02_T1
Updated BBox for LC08_L2SP_121038_20220304_02_T1
Updated BBox for LC08_L2SP_121038_20220115_02_T1
Updated BBox for GF1B_PMS_E116.9_N36.9_20250414_L1A1228678698_beauty
Updated BBox for LC08_L2SP_120038_20220225_02_T1
Updated BBox for LC08_L2SP_121039_20220304_02_T1
Updated BBox for LC08_L2SP_120039_20210918_02_T1
Updated BBox for 0619
Updated BBox for GF1_PMS2_E106.3_N27.7_20180607_L1A0003246454
Updated BBox for GF1C_PMS_E117.3_N36.9_20250419_L1A1022430485_beauty
Updated BBox for LC08_L2SP_122037_20220223_02_T1
Updated BBox for LC08_L2SP_121038_20211230_02_T1
Updated BBox for LC08_L2SP_122037_20211119_02_T1
Updated BBox for LC08_L2SP_121037_20220115_02_T1
Updated BBox for MOD02_MOD35_20250206
Updated BBox for LC08_L2SP_122038_20211221_02_T1
Updated BBox for LC08_L2SP_121039_20211230_02_T1
Updated BBox for LC09_L2SP_120038_20241105_20241106_02_T1
Updated BBox for LC08_L2SP_122039_20220311_02_T1
Updated BBox for LC08_L2SP_120037_20220225_02_T1
LT1B_MONO_KSC_STRIP1_011490_E113.1_N40.2_20240409_SLC_HH_S2A_0000366018: No valid data found in TIF.
Updated BBox for LC08_L2SP_122038_20211119_02_T1
Updated BBox for ndvi_test1
Updated BBox for ndvi_test2
Updated BBox for LC08_L2SP_120039_20211004_02_T1
L1C_T51STA_A040913_20250105T025221: No valid data found in TIF.
Updated BBox for LC08_L2SP_121039_20220115_02_T1
Updated BBox for LC08_L2SP_122039_20211103_02_T1
Updated BBox for LC08_L2SP_121039_20211214_02_T1
Updated BBox for s1a-iw-grd-20250104-cog
Updated BBox for LC08_L2SP_122037_20220311_02_T1
Updated BBox for LC08_L2SP_122037_20211103_02_T1
Updated BBox for LC08_L2SP_120035_20250321_20250327_02_T1
Updated BBox for LC08_L2SP_122038_20211002_02_T1
Updated BBox for LC08_L2SP_120037_20211004_02_T1
Updated BBox for LC08_L2SP_122039_20211002_02_T1
Updated BBox for LC08_L2SP_120038_20211223_02_T1
Updated BBox for LC08_L2SP_122039_20210916_02_T1
Updated BBox for MOD02_MOD35_20250106
Updated BBox for LC08_L2SP_121038_20211214_02_T1
Updated BBox for LC08_L2SP_122038_20220223_02_T1
Updated BBox for LC08_L2SP_122038_20211205_02_T1
Updated BBox for LC08_L2SP_122037_20211221_02_T1
Updated BBox for LC08_L2SP_121039_20211128_02_T1
Updated BBox for LC08_L2SP_121038_20211112_02_T1
Updated BBox for LC08_L2SP_121037_20211027_02_T1
Start checking scenes...
L1C_T51STA_A041342_20250204T025610: No valid data found in TIF.
GF1_PMS1_E112.4_N38.0_20170823_L1A0002557137: No valid data found in TIF.
GF2_PMS2_E112.4_N37.9_20170526_L1A0002379381: No valid data found in TIF.
GF2_PMS2_E112.4_N37.9_20170526_L1A0002379381_no_ard: No valid data found in TIF.
中国DEM: No valid data found in TIF.
LT1B_MONO_KSC_STRIP1_011490_E113.1_N40.2_20240409_SLC_HH_S2A_0000366018: No valid data found in TIF.
L1C_T51STA_A040913_20250105T025221: No valid data found in TIF.
